<?xml version="1.0" encoding="UTF-8"?>
<testng-results skipped="0" failed="0" ignored="0" total="1" passed="1">
  <reporter-output>
  </reporter-output>
  <suite name="Suite" duration-ms="127974" started-at="2019-09-25T13:28:22 IST" finished-at="2019-09-25T13:30:30 IST">
    <groups>
    </groups>
    <test name="Test" duration-ms="127974" started-at="2019-09-25T13:28:22 IST" finished-at="2019-09-25T13:30:30 IST">
      <class name="webdriver.Test1">
        <test-method status="PASS" signature="m()[pri:0, instance:webdriver.Test1@7921b0a2]" name="m" duration-ms="127708" started-at="2019-09-25T13:28:23 IST" finished-at="2019-09-25T13:30:30 IST">
          <reporter-output>
          </reporter-output>
        </test-method> <!-- m -->
      </class> <!-- webdriver.Test1 -->
    </test> <!-- Test -->
  </suite> <!-- Suite -->
</testng-results>
