<?xml version="1.0" encoding="UTF-8"?>
<testng-results skipped="0" failed="0" ignored="0" total="1" passed="1">
  <reporter-output>
  </reporter-output>
  <suite name="Suite" duration-ms="11939" started-at="2019-09-24T13:47:28 IST" finished-at="2019-09-24T13:47:40 IST">
    <groups>
    </groups>
    <test name="Test" duration-ms="11939" started-at="2019-09-24T13:47:28 IST" finished-at="2019-09-24T13:47:40 IST">
      <class name="webdriver.Test1">
        <test-method status="PASS" signature="m()[pri:0, instance:webdriver.Test1@731a74c]" name="m" duration-ms="11831" started-at="2019-09-24T13:47:28 IST" finished-at="2019-09-24T13:47:40 IST">
          <reporter-output>
          </reporter-output>
        </test-method> <!-- m -->
      </class> <!-- webdriver.Test1 -->
    </test> <!-- Test -->
  </suite> <!-- Suite -->
</testng-results>
